<?xml version='1.0' encoding='utf-8'?>
<testsuites name="cocotb tests"><testsuite name="test_poly_sampler" errors="0" failures="0" skipped="0" tests="1" time="0.001" timestamp="2026-09-09T16:46:49.955850+00:00" hostname="faisal-LOQ-15IRX9"><testcase classname="test_poly_sampler" name="test_poly_sampler_rejection_and_cbd" time="0.001"><properties><property name="cocotb" value="True" /><property name="random_seed" value="1788972409" /><property name="file" value="/home/faisal/vlsi_project/sscs-ose-code-a-chip.github.io/ISSCC27/submitted_notebooks/open_ntt_pqc_accelerator/tb/test_poly_sampler.py" /><property name="line" value="7" /><property name="sim_time_unit" value="ns" /><property name="sim_time_start" value="0.0" /><property name="sim_time_stop" value="140.0" /><property name="sim_time_duration" value="140.0" /><property name="sim_time_ratio" value="138244.5704973242" /></properties></testcase></testsuite></testsuites>