This file contains any messages produced by compilers while
running configure, to aid debugging if configure makes a mistake.

It was created by CoinUtils configure 2.11.0, which was
generated by GNU Autoconf 2.59.  Invocation command line was

  $ /home/adair/Documents/CAD/sscs-ose-code-a-chip.github.io/ISSCC25/submitted_notebooks/current_mirror_ota_optimization/ALIGN-public/_skbuild/linux-x86_64-3.10/cmake-build/_deps/symphony-src/CoinUtils/configure --prefix=/home/adair/Documents/CAD/sscs-ose-code-a-chip.github.io/ISSCC25/submitted_notebooks/current_mirror_ota_optimization/ALIGN-public/_skbuild/linux-x86_64-3.10/cmake-build/_deps/symphony-build --disable-openmp --disable-zlib --disable-bzlib --without-blas --without-lapack --enable-static --disable-shared --with-pic --prefix=/home/adair/Documents/CAD/sscs-ose-code-a-chip.github.io/ISSCC25/submitted_notebooks/current_mirror_ota_optimization/ALIGN-public/_skbuild/linux-x86_64-3.10/cmake-build/_deps/symphony-build --cache-file=/dev/null --srcdir=/home/adair/Documents/CAD/sscs-ose-code-a-chip.github.io/ISSCC25/submitted_notebooks/current_mirror_ota_optimization/ALIGN-public/_skbuild/linux-x86_64-3.10/cmake-build/_deps/symphony-src/CoinUtils

## --------- ##
## Platform. ##
## --------- ##

hostname = lubuvm
uname -m = x86_64
uname -r = 6.8.0-49-generic
uname -s = Linux
uname -v = #49~22.04.1-Ubuntu SMP PREEMPT_DYNAMIC Wed Nov  6 17:42:15 UTC 2

/usr/bin/uname -p = x86_64
/bin/uname -X     = unknown

/bin/arch              = x86_64
/usr/bin/arch -k       = unknown
/usr/convex/getsysinfo = unknown
hostinfo               = unknown
/bin/machine           = unknown
/usr/bin/oslevel       = unknown
/bin/universe          = unknown

PATH: /tmp/pip-build-env-j313kjyn/overlay/bin
PATH: /tmp/pip-build-env-j313kjyn/normal/bin
PATH: /usr/local/sbin
PATH: /usr/local/bin
PATH: /usr/sbin
PATH: /usr/bin
PATH: /sbin
PATH: /bin
PATH: /usr/games
PATH: /usr/local/games
PATH: /snap/bin
PATH: /home/adair/.local/bin
PATH: /home/adair/.local/bin
PATH: /home/adair/Documents/CAD/anaconda3/bin


## ----------- ##
## Core tests. ##
## ----------- ##

configure:1712: checking build system type
configure:1730: result: x86_64-unknown-linux-gnu
configure:1803: checking for svnversion
configure:1830: result: no
configure:1860: checking whether we want to compile in debug mode
configure:1906: result: no
configure:2156: checking for gcc
configure:2172: found /usr/bin/gcc
configure:2182: result: gcc
configure:2203: checking for C compiler version
configure:2206: gcc --version </dev/null >&5
gcc (Ubuntu 11.4.0-1ubuntu1~22.04) 11.4.0
Copyright (C) 2021 Free Software Foundation, Inc.
This is free software; see the source for copying conditions.  There is NO
warranty; not even for MERCHANTABILITY or FITNESS FOR A PARTICULAR PURPOSE.

configure:2209: $? = 0
configure:2211: gcc -v </dev/null >&5
Using built-in specs.
COLLECT_GCC=gcc
COLLECT_LTO_WRAPPER=/usr/lib/gcc/x86_64-linux-gnu/11/lto-wrapper
OFFLOAD_TARGET_NAMES=nvptx-none:amdgcn-amdhsa
OFFLOAD_TARGET_DEFAULT=1
Target: x86_64-linux-gnu
Configured with: ../src/configure -v --with-pkgversion='Ubuntu 11.4.0-1ubuntu1~22.04' --with-bugurl=file:///usr/share/doc/gcc-11/README.Bugs --enable-languages=c,ada,c++,go,brig,d,fortran,objc,obj-c++,m2 --prefix=/usr --with-gcc-major-version-only --program-suffix=-11 --program-prefix=x86_64-linux-gnu- --enable-shared --enable-linker-build-id --libexecdir=/usr/lib --without-included-gettext --enable-threads=posix --libdir=/usr/lib --enable-nls --enable-bootstrap --enable-clocale=gnu --enable-libstdcxx-debug --enable-libstdcxx-time=yes --with-default-libstdcxx-abi=new --enable-gnu-unique-object --disable-vtable-verify --enable-plugin --enable-default-pie --with-system-zlib --enable-libphobos-checking=release --with-target-system-zlib=auto --enable-objc-gc=auto --enable-multiarch --disable-werror --enable-cet --with-arch-32=i686 --with-abi=m64 --with-multilib-list=m32,m64,mx32 --enable-multilib --with-tune=generic --enable-offload-targets=nvptx-none=/build/gcc-11-XeT9lY/gcc-11-11.4.0/debian/tmp-nvptx/usr,amdgcn-amdhsa=/build/gcc-11-XeT9lY/gcc-11-11.4.0/debian/tmp-gcn/usr --without-cuda-driver --enable-checking=release --build=x86_64-linux-gnu --host=x86_64-linux-gnu --target=x86_64-linux-gnu --with-build-config=bootstrap-lto-lean --enable-link-serialization=2
Thread model: posix
Supported LTO compression algorithms: zlib zstd
gcc version 11.4.0 (Ubuntu 11.4.0-1ubuntu1~22.04) 
configure:2214: $? = 0
configure:2216: gcc -V </dev/null >&5
gcc: error: unrecognized command-line option '-V'
gcc: fatal error: no input files
compilation terminated.
configure:2219: $? = 1
configure:2242: checking for C compiler default output file name
configure:2245: gcc    conftest.c  >&5
configure:2248: $? = 0
configure:2294: result: a.out
configure:2299: checking whether the C compiler works
configure:2305: ./a.out
configure:2308: $? = 0
configure:2325: result: yes
configure:2332: checking whether we are cross compiling
configure:2334: result: no
configure:2337: checking for suffix of executables
configure:2339: gcc -o conftest    conftest.c  >&5
configure:2342: $? = 0
configure:2367: result: 
configure:2373: checking for suffix of object files
configure:2394: gcc -c   conftest.c >&5
configure:2397: $? = 0
configure:2419: result: o
configure:2423: checking whether we are using the GNU C compiler
configure:2447: gcc -c   conftest.c >&5
configure:2453: $? = 0
configure:2457: test -z 
			 || test ! -s conftest.err
configure:2460: $? = 0
configure:2463: test -s conftest.o
configure:2466: $? = 0
configure:2479: result: yes
configure:2485: checking whether gcc accepts -g
configure:2506: gcc -c -g  conftest.c >&5
configure:2512: $? = 0
configure:2516: test -z 
			 || test ! -s conftest.err
configure:2519: $? = 0
configure:2522: test -s conftest.o
configure:2525: $? = 0
configure:2536: result: yes
configure:2553: checking for gcc option to accept ANSI C
configure:2623: gcc  -c -g -O2  conftest.c >&5
configure:2629: $? = 0
configure:2633: test -z 
			 || test ! -s conftest.err
configure:2636: $? = 0
configure:2639: test -s conftest.o
configure:2642: $? = 0
configure:2660: result: none needed
configure:2678: gcc -c -g -O2  conftest.c >&5
conftest.c:2:3: error: unknown type name 'choke'
    2 |   choke me
      |   ^~~~~
conftest.c:2:3: error: expected '=', ',', ';', 'asm' or '__attribute__' at end of input
configure:2684: $? = 1
configure: failed program was:
| #ifndef __cplusplus
|   choke me
| #endif
configure:3105: gcc -o conftest -O3 -pipe -DNDEBUG -Wimplicit -Wparentheses -Wsequence-point -Wreturn-type -Wcast-qual -Wall -Wno-unknown-pragmas -Wno-long-long   -DCOINUTILS_BUILD   conftest.c  >&5
configure:3111: $? = 0
configure:3115: test -z 
			 || test ! -s conftest.err
configure:3118: $? = 0
configure:3121: test -s conftest
configure:3124: $? = 0
configure:3191: C compiler options are: -O3 -pipe -DNDEBUG -Wimplicit -Wparentheses -Wsequence-point -Wreturn-type -Wcast-qual -Wall -Wno-unknown-pragmas -Wno-long-long   -DCOINUTILS_BUILD
configure:3306: checking for g++
configure:3322: found /usr/bin/g++
configure:3332: result: g++
configure:3348: checking for C++ compiler version
configure:3351: g++ --version </dev/null >&5
g++ (Ubuntu 11.4.0-1ubuntu1~22.04) 11.4.0
Copyright (C) 2021 Free Software Foundation, Inc.
This is free software; see the source for copying conditions.  There is NO
warranty; not even for MERCHANTABILITY or FITNESS FOR A PARTICULAR PURPOSE.

configure:3354: $? = 0
configure:3356: g++ -v </dev/null >&5
Using built-in specs.
COLLECT_GCC=g++
COLLECT_LTO_WRAPPER=/usr/lib/gcc/x86_64-linux-gnu/11/lto-wrapper
OFFLOAD_TARGET_NAMES=nvptx-none:amdgcn-amdhsa
OFFLOAD_TARGET_DEFAULT=1
Target: x86_64-linux-gnu
Configured with: ../src/configure -v --with-pkgversion='Ubuntu 11.4.0-1ubuntu1~22.04' --with-bugurl=file:///usr/share/doc/gcc-11/README.Bugs --enable-languages=c,ada,c++,go,brig,d,fortran,objc,obj-c++,m2 --prefix=/usr --with-gcc-major-version-only --program-suffix=-11 --program-prefix=x86_64-linux-gnu- --enable-shared --enable-linker-build-id --libexecdir=/usr/lib --without-included-gettext --enable-threads=posix --libdir=/usr/lib --enable-nls --enable-bootstrap --enable-clocale=gnu --enable-libstdcxx-debug --enable-libstdcxx-time=yes --with-default-libstdcxx-abi=new --enable-gnu-unique-object --disable-vtable-verify --enable-plugin --enable-default-pie --with-system-zlib --enable-libphobos-checking=release --with-target-system-zlib=auto --enable-objc-gc=auto --enable-multiarch --disable-werror --enable-cet --with-arch-32=i686 --with-abi=m64 --with-multilib-list=m32,m64,mx32 --enable-multilib --with-tune=generic --enable-offload-targets=nvptx-none=/build/gcc-11-XeT9lY/gcc-11-11.4.0/debian/tmp-nvptx/usr,amdgcn-amdhsa=/build/gcc-11-XeT9lY/gcc-11-11.4.0/debian/tmp-gcn/usr --without-cuda-driver --enable-checking=release --build=x86_64-linux-gnu --host=x86_64-linux-gnu --target=x86_64-linux-gnu --with-build-config=bootstrap-lto-lean --enable-link-serialization=2
Thread model: posix
Supported LTO compression algorithms: zlib zstd
gcc version 11.4.0 (Ubuntu 11.4.0-1ubuntu1~22.04) 
configure:3359: $? = 0
configure:3361: g++ -V </dev/null >&5
g++: error: unrecognized command-line option '-V'
g++: fatal error: no input files
compilation terminated.
configure:3364: $? = 1
configure:3367: checking whether we are using the GNU C++ compiler
configure:3391: g++ -c   conftest.cc >&5
configure:3397: $? = 0
configure:3401: test -z 
			 || test ! -s conftest.err
configure:3404: $? = 0
configure:3407: test -s conftest.o
configure:3410: $? = 0
configure:3423: result: yes
configure:3429: checking whether g++ accepts -g
configure:3450: g++ -c -g  conftest.cc >&5
configure:3456: $? = 0
configure:3460: test -z 
			 || test ! -s conftest.err
configure:3463: $? = 0
configure:3466: test -s conftest.o
configure:3469: $? = 0
configure:3480: result: yes
configure:3522: g++ -c -g -O2  conftest.cc >&5
configure:3528: $? = 0
configure:3532: test -z 
			 || test ! -s conftest.err
configure:3535: $? = 0
configure:3538: test -s conftest.o
configure:3541: $? = 0
configure:3567: g++ -c -g -O2  conftest.cc >&5
conftest.cc: In function 'int main()':
conftest.cc:19:1: error: 'exit' was not declared in this scope
   19 | exit (42);
      | ^~~~
configure:3573: $? = 1
configure: failed program was:
| /* confdefs.h.  */
| 
| #define PACKAGE_NAME "CoinUtils"
| #define PACKAGE_TARNAME "coinutils"
| #define PACKAGE_VERSION "2.11.0"
| #define PACKAGE_STRING "CoinUtils 2.11.0"
| #define PACKAGE_BUGREPORT "http://projects.coin-or.org/CoinUtils"
| #define COINUTILS_VERSION "2.11.0"
| #define COINUTILS_VERSION_MAJOR 2
| #define COINUTILS_VERSION_MINOR 11
| #define COINUTILS_VERSION_RELEASE 0
| #define COIN_COINUTILS_VERBOSITY 0
| #define COIN_COINUTILS_CHECKLEVEL 0
| /* end confdefs.h.  */
| 
| int
| main ()
| {
| exit (42);
|   ;
|   return 0;
| }
configure:3522: g++ -c -g -O2  conftest.cc >&5
conftest.cc:15:17: warning: 'void std::exit(int)' has not been declared within 'std'
   15 | extern "C" void std::exit (int) throw (); using std::exit;
      |                 ^~~
<built-in>: note: only here as a 'friend'
configure:3528: $? = 0
configure:3532: test -z 
			 || test ! -s conftest.err
configure:3535: $? = 0
configure:3538: test -s conftest.o
configure:3541: $? = 0
configure:3567: g++ -c -g -O2  conftest.cc >&5
conftest.cc:15:17: warning: 'void std::exit(int)' has not been declared within 'std'
   15 | extern "C" void std::exit (int) throw (); using std::exit;
      |                 ^~~
<built-in>: note: only here as a 'friend'
configure:3573: $? = 0
configure:3577: test -z 
			 || test ! -s conftest.err
configure:3580: $? = 0
configure:3583: test -s conftest.o
configure:3586: $? = 0
configure:3618: checking whether C++ compiler g++ works
configure:3636: g++ -c -g -O2  conftest.cc >&5
conftest.cc:15:17: warning: 'void std::exit(int)' has not been declared within 'std'
   15 | extern "C" void std::exit (int) throw (); using std::exit;
      |                 ^~~
<built-in>: note: only here as a 'friend'
configure:3642: $? = 0
configure:3646: test -z 
			 || test ! -s conftest.err
configure:3649: $? = 0
configure:3652: test -s conftest.o
configure:3655: $? = 0
configure:3657: result: yes
configure:3978: g++ -o conftest -O3 -pipe -DNDEBUG -Wparentheses -Wreturn-type -Wcast-qual -Wall -Wpointer-arith -Wwrite-strings -Wconversion -Wno-unknown-pragmas -Wno-long-long   -DCOINUTILS_BUILD   conftest.cc  >&5
conftest.cc:15:17: warning: 'void std::exit(int)' has not been declared within 'std'
   15 | extern "C" void std::exit (int) throw (); using std::exit;
      |                 ^~~
<built-in>: note: only here as a 'friend'
configure:3984: $? = 0
configure:3988: test -z 
			 || test ! -s conftest.err
configure:3991: $? = 0
configure:3994: test -s conftest
configure:3997: $? = 0
configure:4064: C++ compiler options are: -O3 -pipe -DNDEBUG -Wparentheses -Wreturn-type -Wcast-qual -Wall -Wpointer-arith -Wwrite-strings -Wconversion -Wno-unknown-pragmas -Wno-long-long   -DCOINUTILS_BUILD
configure:4135: Trying to determine Fortran compiler name
configure:4184: checking for gfortran
configure:4213: result: no
configure:4184: checking for ifort
configure:4213: result: no
configure:4184: checking for g95
configure:4213: result: no
configure:4184: checking for fort77
configure:4213: result: no
configure:4184: checking for f77
configure:4213: result: no
configure:4184: checking for g77
configure:4213: result: no
configure:4184: checking for pgf90
configure:4213: result: no
configure:4184: checking for pgf77
configure:4213: result: no
configure:4184: checking for ifc
configure:4213: result: no
configure:4184: checking for frt
configure:4213: result: no
configure:4184: checking for af77
configure:4213: result: no
configure:4184: checking for xlf_r
configure:4213: result: no
configure:4462: WARNING: Failed to find a Fortran compiler!
configure:4749: Fortran compiler options are:  
configure:5764: checking for egrep
configure:5774: result: grep -E
configure:5779: checking whether ln -s works
configure:5783: result: yes
configure:5804: checking for a BSD-compatible install
configure:5859: result: /usr/bin/install -c
configure:5870: checking whether build environment is sane
configure:5913: result: yes
configure:5978: checking for gawk
configure:5994: found /usr/bin/gawk
configure:6004: result: gawk
configure:6014: checking whether make sets $(MAKE)
configure:6034: result: yes
configure:6064: checking for style of include used by make
configure:6092: result: GNU
configure:6273: checking dependency style of gcc
configure:6363: result: gcc3
configure:6382: checking dependency style of g++
configure:6472: result: gcc3
configure:6490: checking whether to enable maintainer-specific portions of Makefiles
configure:6499: result: no
configure:21880: Using libtool script in directory ..
configure:21979: checking if library version is set
configure:21983: result: 14:0:11
configure:22035: checking cmath usability
configure:22047: g++ -c -O3 -pipe -DNDEBUG -Wparentheses -Wreturn-type -Wcast-qual -Wall -Wpointer-arith -Wwrite-strings -Wconversion -Wno-unknown-pragmas -Wno-long-long   -DCOINUTILS_BUILD  conftest.cc >&5
conftest.cc:15:17: warning: 'void std::exit(int)' has not been declared within 'std'
   15 | extern "C" void std::exit (int) throw (); using std::exit;
      |                 ^~~
<built-in>: note: only here as a 'friend'
configure:22053: $? = 0
configure:22057: test -z 
			 || test ! -s conftest.err
configure:22060: $? = 0
configure:22063: test -s conftest.o
configure:22066: $? = 0
configure:22076: result: yes
configure:22080: checking cmath presence
configure:22090: g++ -E  conftest.cc
configure:22096: $? = 0
configure:22116: result: yes
configure:22151: checking for cmath
configure:22158: result: yes
configure:22364: checking cfloat usability
configure:22376: g++ -c -O3 -pipe -DNDEBUG -Wparentheses -Wreturn-type -Wcast-qual -Wall -Wpointer-arith -Wwrite-strings -Wconversion -Wno-unknown-pragmas -Wno-long-long   -DCOINUTILS_BUILD  conftest.cc >&5
conftest.cc:15:17: warning: 'void std::exit(int)' has not been declared within 'std'
   15 | extern "C" void std::exit (int) throw (); using std::exit;
      |                 ^~~
<built-in>: note: only here as a 'friend'
configure:22382: $? = 0
configure:22386: test -z 
			 || test ! -s conftest.err
configure:22389: $? = 0
configure:22392: test -s conftest.o
configure:22395: $? = 0
configure:22405: result: yes
configure:22409: checking cfloat presence
configure:22419: g++ -E  conftest.cc
configure:22425: $? = 0
configure:22445: result: yes
configure:22480: checking for cfloat
configure:22487: result: yes
configure:22693: checking cieeefp usability
configure:22705: g++ -c -O3 -pipe -DNDEBUG -Wparentheses -Wreturn-type -Wcast-qual -Wall -Wpointer-arith -Wwrite-strings -Wconversion -Wno-unknown-pragmas -Wno-long-long   -DCOINUTILS_BUILD  conftest.cc >&5
conftest.cc:67:10: fatal error: cieeefp: No such file or directory
   67 | #include <cieeefp>
      |          ^~~~~~~~~
compilation terminated.
configure:22711: $? = 1
configure: failed program was:
| /* confdefs.h.  */
| 
| #define PACKAGE_NAME "CoinUtils"
| #define PACKAGE_TARNAME "coinutils"
| #define PACKAGE_VERSION "2.11.0"
| #define PACKAGE_STRING "CoinUtils 2.11.0"
| #define PACKAGE_BUGREPORT "http://projects.coin-or.org/CoinUtils"
| #define COINUTILS_VERSION "2.11.0"
| #define COINUTILS_VERSION_MAJOR 2
| #define COINUTILS_VERSION_MINOR 11
| #define COINUTILS_VERSION_RELEASE 0
| #define COIN_COINUTILS_VERBOSITY 0
| #define COIN_COINUTILS_CHECKLEVEL 0
| #ifdef __cplusplus
| extern "C" void std::exit (int) throw (); using std::exit;
| #endif
| #define PACKAGE "coinutils"
| #define VERSION "2.11.0"
| #define STDC_HEADERS 1
| #define HAVE_SYS_TYPES_H 1
| #define HAVE_SYS_STAT_H 1
| #define HAVE_STDLIB_H 1
| #define HAVE_STRING_H 1
| #define HAVE_MEMORY_H 1
| #define HAVE_STRINGS_H 1
| #define HAVE_INTTYPES_H 1
| #define HAVE_STDINT_H 1
| #define HAVE_UNISTD_H 1
| #define HAVE_DLFCN_H 1
| #define HAVE_CMATH 1
| #define HAVE_CFLOAT 1
| /* end confdefs.h.  */
| #include <stdio.h>
| #if HAVE_SYS_TYPES_H
| # include <sys/types.h>
| #endif
| #if HAVE_SYS_STAT_H
| # include <sys/stat.h>
| #endif
| #if STDC_HEADERS
| # include <stdlib.h>
| # include <stddef.h>
| #else
| # if HAVE_STDLIB_H
| #  include <stdlib.h>
| # endif
| #endif
| #if HAVE_STRING_H
| # if !STDC_HEADERS && HAVE_MEMORY_H
| #  include <memory.h>
| # endif
| # include <string.h>
| #endif
| #if HAVE_STRINGS_H
| # include <strings.h>
| #endif
| #if HAVE_INTTYPES_H
| # include <inttypes.h>
| #else
| # if HAVE_STDINT_H
| #  include <stdint.h>
| # endif
| #endif
| #if HAVE_UNISTD_H
| # include <unistd.h>
| #endif
| #include <cieeefp>
configure:22734: result: no
configure:22738: checking cieeefp presence
configure:22748: g++ -E  conftest.cc
conftest.cc:33:10: fatal error: cieeefp: No such file or directory
   33 | #include <cieeefp>
      |          ^~~~~~~~~
compilation terminated.
configure:22754: $? = 1
configure: failed program was:
| /* confdefs.h.  */
| 
| #define PACKAGE_NAME "CoinUtils"
| #define PACKAGE_TARNAME "coinutils"
| #define PACKAGE_VERSION "2.11.0"
| #define PACKAGE_STRING "CoinUtils 2.11.0"
| #define PACKAGE_BUGREPORT "http://projects.coin-or.org/CoinUtils"
| #define COINUTILS_VERSION "2.11.0"
| #define COINUTILS_VERSION_MAJOR 2
| #define COINUTILS_VERSION_MINOR 11
| #define COINUTILS_VERSION_RELEASE 0
| #define COIN_COINUTILS_VERBOSITY 0
| #define COIN_COINUTILS_CHECKLEVEL 0
| #ifdef __cplusplus
| extern "C" void std::exit (int) throw (); using std::exit;
| #endif
| #define PACKAGE "coinutils"
| #define VERSION "2.11.0"
| #define STDC_HEADERS 1
| #define HAVE_SYS_TYPES_H 1
| #define HAVE_SYS_STAT_H 1
| #define HAVE_STDLIB_H 1
| #define HAVE_STRING_H 1
| #define HAVE_MEMORY_H 1
| #define HAVE_STRINGS_H 1
| #define HAVE_INTTYPES_H 1
| #define HAVE_STDINT_H 1
| #define HAVE_UNISTD_H 1
| #define HAVE_DLFCN_H 1
| #define HAVE_CMATH 1
| #define HAVE_CFLOAT 1
| /* end confdefs.h.  */
| #include <cieeefp>
configure:22774: result: no
configure:22809: checking for cieeefp
configure:22816: result: no
configure:22851: checking ieeefp.h usability
configure:22863: g++ -c -O3 -pipe -DNDEBUG -Wparentheses -Wreturn-type -Wcast-qual -Wall -Wpointer-arith -Wwrite-strings -Wconversion -Wno-unknown-pragmas -Wno-long-long   -DCOINUTILS_BUILD  conftest.cc >&5
conftest.cc:67:10: fatal error: ieeefp.h: No such file or directory
   67 | #include <ieeefp.h>
      |          ^~~~~~~~~~
compilation terminated.
configure:22869: $? = 1
configure: failed program was:
| /* confdefs.h.  */
| 
| #define PACKAGE_NAME "CoinUtils"
| #define PACKAGE_TARNAME "coinutils"
| #define PACKAGE_VERSION "2.11.0"
| #define PACKAGE_STRING "CoinUtils 2.11.0"
| #define PACKAGE_BUGREPORT "http://projects.coin-or.org/CoinUtils"
| #define COINUTILS_VERSION "2.11.0"
| #define COINUTILS_VERSION_MAJOR 2
| #define COINUTILS_VERSION_MINOR 11
| #define COINUTILS_VERSION_RELEASE 0
| #define COIN_COINUTILS_VERBOSITY 0
| #define COIN_COINUTILS_CHECKLEVEL 0
| #ifdef __cplusplus
| extern "C" void std::exit (int) throw (); using std::exit;
| #endif
| #define PACKAGE "coinutils"
| #define VERSION "2.11.0"
| #define STDC_HEADERS 1
| #define HAVE_SYS_TYPES_H 1
| #define HAVE_SYS_STAT_H 1
| #define HAVE_STDLIB_H 1
| #define HAVE_STRING_H 1
| #define HAVE_MEMORY_H 1
| #define HAVE_STRINGS_H 1
| #define HAVE_INTTYPES_H 1
| #define HAVE_STDINT_H 1
| #define HAVE_UNISTD_H 1
| #define HAVE_DLFCN_H 1
| #define HAVE_CMATH 1
| #define HAVE_CFLOAT 1
| /* end confdefs.h.  */
| #include <stdio.h>
| #if HAVE_SYS_TYPES_H
| # include <sys/types.h>
| #endif
| #if HAVE_SYS_STAT_H
| # include <sys/stat.h>
| #endif
| #if STDC_HEADERS
| # include <stdlib.h>
| # include <stddef.h>
| #else
| # if HAVE_STDLIB_H
| #  include <stdlib.h>
| # endif
| #endif
| #if HAVE_STRING_H
| # if !STDC_HEADERS && HAVE_MEMORY_H
| #  include <memory.h>
| # endif
| # include <string.h>
| #endif
| #if HAVE_STRINGS_H
| # include <strings.h>
| #endif
| #if HAVE_INTTYPES_H
| # include <inttypes.h>
| #else
| # if HAVE_STDINT_H
| #  include <stdint.h>
| # endif
| #endif
| #if HAVE_UNISTD_H
| # include <unistd.h>
| #endif
| #include <ieeefp.h>
configure:22892: result: no
configure:22896: checking ieeefp.h presence
configure:22906: g++ -E  conftest.cc
conftest.cc:33:10: fatal error: ieeefp.h: No such file or directory
   33 | #include <ieeefp.h>
      |          ^~~~~~~~~~
compilation terminated.
configure:22912: $? = 1
configure: failed program was:
| /* confdefs.h.  */
| 
| #define PACKAGE_NAME "CoinUtils"
| #define PACKAGE_TARNAME "coinutils"
| #define PACKAGE_VERSION "2.11.0"
| #define PACKAGE_STRING "CoinUtils 2.11.0"
| #define PACKAGE_BUGREPORT "http://projects.coin-or.org/CoinUtils"
| #define COINUTILS_VERSION "2.11.0"
| #define COINUTILS_VERSION_MAJOR 2
| #define COINUTILS_VERSION_MINOR 11
| #define COINUTILS_VERSION_RELEASE 0
| #define COIN_COINUTILS_VERBOSITY 0
| #define COIN_COINUTILS_CHECKLEVEL 0
| #ifdef __cplusplus
| extern "C" void std::exit (int) throw (); using std::exit;
| #endif
| #define PACKAGE "coinutils"
| #define VERSION "2.11.0"
| #define STDC_HEADERS 1
| #define HAVE_SYS_TYPES_H 1
| #define HAVE_SYS_STAT_H 1
| #define HAVE_STDLIB_H 1
| #define HAVE_STRING_H 1
| #define HAVE_MEMORY_H 1
| #define HAVE_STRINGS_H 1
| #define HAVE_INTTYPES_H 1
| #define HAVE_STDINT_H 1
| #define HAVE_UNISTD_H 1
| #define HAVE_DLFCN_H 1
| #define HAVE_CMATH 1
| #define HAVE_CFLOAT 1
| /* end confdefs.h.  */
| #include <ieeefp.h>
configure:22932: result: no
configure:22967: checking for ieeefp.h
configure:22974: result: no
configure:22998: checking whether isfinite is declared
configure:23052: g++ -c -O3 -pipe -DNDEBUG -Wparentheses -Wreturn-type -Wcast-qual -Wall -Wpointer-arith -Wwrite-strings -Wconversion -Wno-unknown-pragmas -Wno-long-long   -DCOINUTILS_BUILD  conftest.cc >&5
conftest.cc:15:17: warning: 'void std::exit(int)' has not been declared within 'std'
   15 | extern "C" void std::exit (int) throw (); using std::exit;
      |                 ^~~
<built-in>: note: only here as a 'friend'
conftest.cc: In function 'int main()':
conftest.cc:68:22: error: 'isfinite' was not declared in this scope; did you mean 'std::isfinite'?
   68 |   char *p = (char *) isfinite;
      |                      ^~~~~~~~
      |                      std::isfinite
In file included from conftest.cc:35:
/usr/include/c++/11/cmath:578:5: note: 'std::isfinite' declared here
  578 |     isfinite(_Tp __x)
      |     ^~~~~~~~
conftest.cc:68:9: warning: unused variable 'p' [-Wunused-variable]
   68 |   char *p = (char *) isfinite;
      |         ^
configure:23058: $? = 1
configure: failed program was:
| /* confdefs.h.  */
| 
| #define PACKAGE_NAME "CoinUtils"
| #define PACKAGE_TARNAME "coinutils"
| #define PACKAGE_VERSION "2.11.0"
| #define PACKAGE_STRING "CoinUtils 2.11.0"
| #define PACKAGE_BUGREPORT "http://projects.coin-or.org/CoinUtils"
| #define COINUTILS_VERSION "2.11.0"
| #define COINUTILS_VERSION_MAJOR 2
| #define COINUTILS_VERSION_MINOR 11
| #define COINUTILS_VERSION_RELEASE 0
| #define COIN_COINUTILS_VERBOSITY 0
| #define COIN_COINUTILS_CHECKLEVEL 0
| #ifdef __cplusplus
| extern "C" void std::exit (int) throw (); using std::exit;
| #endif
| #define PACKAGE "coinutils"
| #define VERSION "2.11.0"
| #define STDC_HEADERS 1
| #define HAVE_SYS_TYPES_H 1
| #define HAVE_SYS_STAT_H 1
| #define HAVE_STDLIB_H 1
| #define HAVE_STRING_H 1
| #define HAVE_MEMORY_H 1
| #define HAVE_STRINGS_H 1
| #define HAVE_INTTYPES_H 1
| #define HAVE_STDINT_H 1
| #define HAVE_UNISTD_H 1
| #define HAVE_DLFCN_H 1
| #define HAVE_CMATH 1
| #define HAVE_CFLOAT 1
| /* end confdefs.h.  */
| 
| #ifdef HAVE_CMATH
| # include <cmath>
| #else
| # ifdef HAVE_MATH_H
| #  include <math.h>
| # endif
| #endif
| #ifdef HAVE_CFLOAT
| # include <cfloat>
| #else
| # ifdef HAVE_FLOAT_H
| #  include <float.h>
| # endif
| #endif
| #ifdef HAVE_CIEEEFP
| # include <cieeefp>
| #else
| # ifdef HAVE_IEEEFP_H
| #  include <ieeefp.h>
| # endif
| #endif
| 
| #ifdef F77_DUMMY_MAIN
| 
| #  ifdef __cplusplus
|      extern "C"
| #  endif
|    int F77_DUMMY_MAIN() { return 1; }
| 
| #endif
| int
| main ()
| {
| #ifndef isfinite
|   char *p = (char *) isfinite;
| #endif
| 
|   ;
|   return 0;
| }
configure:23082: result: no
configure:23089: checking whether finite is declared
configure:23143: g++ -c -O3 -pipe -DNDEBUG -Wparentheses -Wreturn-type -Wcast-qual -Wall -Wpointer-arith -Wwrite-strings -Wconversion -Wno-unknown-pragmas -Wno-long-long   -DCOINUTILS_BUILD  conftest.cc >&5
conftest.cc:15:17: warning: 'void std::exit(int)' has not been declared within 'std'
   15 | extern "C" void std::exit (int) throw (); using std::exit;
      |                 ^~~
<built-in>: note: only here as a 'friend'
conftest.cc: In function 'int main()':
conftest.cc:68:9: warning: unused variable 'p' [-Wunused-variable]
   68 |   char *p = (char *) finite;
      |         ^
configure:23149: $? = 0
configure:23153: test -z 
			 || test ! -s conftest.err
configure:23156: $? = 0
configure:23159: test -s conftest.o
configure:23162: $? = 0
configure:23173: result: yes
configure:23316: checking for cmath
configure:23321: result: yes
configure:23645: checking for cfloat
configure:23650: result: yes
configure:23974: checking for cieeefp
configure:23979: result: no
configure:24132: checking for ieeefp.h
configure:24137: result: no
configure:24288: checking whether isnan is declared
configure:24342: g++ -c -O3 -pipe -DNDEBUG -Wparentheses -Wreturn-type -Wcast-qual -Wall -Wpointer-arith -Wwrite-strings -Wconversion -Wno-unknown-pragmas -Wno-long-long   -DCOINUTILS_BUILD  conftest.cc >&5
conftest.cc:15:17: warning: 'void std::exit(int)' has not been declared within 'std'
   15 | extern "C" void std::exit (int) throw (); using std::exit;
      |                 ^~~
<built-in>: note: only here as a 'friend'
conftest.cc: In function 'int main()':
conftest.cc:71:22: error: 'isnan' was not declared in this scope; did you mean 'std::isnan'?
   71 |   char *p = (char *) isnan;
      |                      ^~~~~
      |                      std::isnan
In file included from conftest.cc:38:
/usr/include/c++/11/cmath:632:5: note: 'std::isnan' declared here
  632 |     isnan(_Tp __x)
      |     ^~~~~
conftest.cc:71:9: warning: unused variable 'p' [-Wunused-variable]
   71 |   char *p = (char *) isnan;
      |         ^
configure:24348: $? = 1
configure: failed program was:
| /* confdefs.h.  */
| 
| #define PACKAGE_NAME "CoinUtils"
| #define PACKAGE_TARNAME "coinutils"
| #define PACKAGE_VERSION "2.11.0"
| #define PACKAGE_STRING "CoinUtils 2.11.0"
| #define PACKAGE_BUGREPORT "http://projects.coin-or.org/CoinUtils"
| #define COINUTILS_VERSION "2.11.0"
| #define COINUTILS_VERSION_MAJOR 2
| #define COINUTILS_VERSION_MINOR 11
| #define COINUTILS_VERSION_RELEASE 0
| #define COIN_COINUTILS_VERBOSITY 0
| #define COIN_COINUTILS_CHECKLEVEL 0
| #ifdef __cplusplus
| extern "C" void std::exit (int) throw (); using std::exit;
| #endif
| #define PACKAGE "coinutils"
| #define VERSION "2.11.0"
| #define STDC_HEADERS 1
| #define HAVE_SYS_TYPES_H 1
| #define HAVE_SYS_STAT_H 1
| #define HAVE_STDLIB_H 1
| #define HAVE_STRING_H 1
| #define HAVE_MEMORY_H 1
| #define HAVE_STRINGS_H 1
| #define HAVE_INTTYPES_H 1
| #define HAVE_STDINT_H 1
| #define HAVE_UNISTD_H 1
| #define HAVE_DLFCN_H 1
| #define HAVE_CMATH 1
| #define HAVE_CFLOAT 1
| #define COIN_C_FINITE finite
| #define HAVE_CMATH 1
| #define HAVE_CFLOAT 1
| /* end confdefs.h.  */
| 
| #ifdef HAVE_CMATH
| # include <cmath>
| #else
| # ifdef HAVE_MATH_H
| #  include <math.h>
| # endif
| #endif
| #ifdef HAVE_CFLOAT
| # include <cfloat>
| #else
| # ifdef HAVE_FLOAT_H
| #  include <float.h>
| # endif
| #endif
| #ifdef HAVE_CIEEEFP
| # include <cieeefp>
| #else
| # ifdef HAVE_IEEEFP_H
| #  include <ieeefp.h>
| # endif
| #endif
| 
| #ifdef F77_DUMMY_MAIN
| 
| #  ifdef __cplusplus
|      extern "C"
| #  endif
|    int F77_DUMMY_MAIN() { return 1; }
| 
| #endif
| int
| main ()
| {
| #ifndef isnan
|   char *p = (char *) isnan;
| #endif
| 
|   ;
|   return 0;
| }
configure:24372: result: no
configure:24384: checking whether std::isnan(42.42) is declared
configure:24438: g++ -c -O3 -pipe -DNDEBUG -Wparentheses -Wreturn-type -Wcast-qual -Wall -Wpointer-arith -Wwrite-strings -Wconversion -Wno-unknown-pragmas -Wno-long-long   -DCOINUTILS_BUILD  conftest.cc >&5
conftest.cc:70:12: warning: extra tokens at end of #ifndef directive
   70 | #ifndef std::isnan(42.42)
      |            ^~
conftest.cc:15:17: warning: 'void std::exit(int)' has not been declared within 'std'
   15 | extern "C" void std::exit (int) throw (); using std::exit;
      |                 ^~~
<built-in>: note: only here as a 'friend'
conftest.cc: In function 'int main()':
conftest.cc:71:9: warning: unused variable 'p' [-Wunused-variable]
   71 |   char *p = (char *) std::isnan(42.42);
      |         ^
configure:24444: $? = 0
configure:24448: test -z 
			 || test ! -s conftest.err
configure:24451: $? = 0
configure:24454: test -s conftest.o
configure:24457: $? = 0
configure:24468: result: yes
configure:24948: checking cinttypes usability
configure:24960: g++ -c -O3 -pipe -DNDEBUG -Wparentheses -Wreturn-type -Wcast-qual -Wall -Wpointer-arith -Wwrite-strings -Wconversion -Wno-unknown-pragmas -Wno-long-long   -DCOINUTILS_BUILD  conftest.cc >&5
conftest.cc:15:17: warning: 'void std::exit(int)' has not been declared within 'std'
   15 | extern "C" void std::exit (int) throw (); using std::exit;
      |                 ^~~
<built-in>: note: only here as a 'friend'
configure:24966: $? = 0
configure:24970: test -z 
			 || test ! -s conftest.err
configure:24973: $? = 0
configure:24976: test -s conftest.o
configure:24979: $? = 0
configure:24989: result: yes
configure:24993: checking cinttypes presence
configure:25003: g++ -E  conftest.cc
configure:25009: $? = 0
configure:25029: result: yes
configure:25064: checking for cinttypes
configure:25071: result: yes
configure:25277: checking cstdint usability
configure:25289: g++ -c -O3 -pipe -DNDEBUG -Wparentheses -Wreturn-type -Wcast-qual -Wall -Wpointer-arith -Wwrite-strings -Wconversion -Wno-unknown-pragmas -Wno-long-long   -DCOINUTILS_BUILD  conftest.cc >&5
conftest.cc:15:17: warning: 'void std::exit(int)' has not been declared within 'std'
   15 | extern "C" void std::exit (int) throw (); using std::exit;
      |                 ^~~
<built-in>: note: only here as a 'friend'
configure:25295: $? = 0
configure:25299: test -z 
			 || test ! -s conftest.err
configure:25302: $? = 0
configure:25305: test -s conftest.o
configure:25308: $? = 0
configure:25318: result: yes
configure:25322: checking cstdint presence
configure:25332: g++ -E  conftest.cc
configure:25338: $? = 0
configure:25358: result: yes
configure:25393: checking for cstdint
configure:25400: result: yes
configure:25589: checking for int64_t
configure:25630: g++ -c -O3 -pipe -DNDEBUG -Wparentheses -Wreturn-type -Wcast-qual -Wall -Wpointer-arith -Wwrite-strings -Wconversion -Wno-unknown-pragmas -Wno-long-long   -DCOINUTILS_BUILD  conftest.cc >&5
conftest.cc:15:17: warning: 'void std::exit(int)' has not been declared within 'std'
   15 | extern "C" void std::exit (int) throw (); using std::exit;
      |                 ^~~
<built-in>: note: only here as a 'friend'
configure:25636: $? = 0
configure:25640: test -z 
			 || test ! -s conftest.err
configure:25643: $? = 0
configure:25646: test -s conftest.o
configure:25649: $? = 0
configure:25660: result: yes
configure:27140: checking for intptr_t
configure:27181: g++ -c -O3 -pipe -DNDEBUG -Wparentheses -Wreturn-type -Wcast-qual -Wall -Wpointer-arith -Wwrite-strings -Wconversion -Wno-unknown-pragmas -Wno-long-long   -DCOINUTILS_BUILD  conftest.cc >&5
conftest.cc:15:17: warning: 'void std::exit(int)' has not been declared within 'std'
   15 | extern "C" void std::exit (int) throw (); using std::exit;
      |                 ^~~
<built-in>: note: only here as a 'friend'
configure:27187: $? = 0
configure:27191: test -z 
			 || test ! -s conftest.err
configure:27194: $? = 0
configure:27197: test -s conftest.o
configure:27200: $? = 0
configure:27211: result: yes
configure:29175: checking windows.h usability
configure:29187: g++ -c -O3 -pipe -DNDEBUG -Wparentheses -Wreturn-type -Wcast-qual -Wall -Wpointer-arith -Wwrite-strings -Wconversion -Wno-unknown-pragmas -Wno-long-long   -DCOINUTILS_BUILD  conftest.cc >&5
conftest.cc:78:10: fatal error: windows.h: No such file or directory
   78 | #include <windows.h>
      |          ^~~~~~~~~~~
compilation terminated.
configure:29193: $? = 1
configure: failed program was:
| /* confdefs.h.  */
| 
| #define PACKAGE_NAME "CoinUtils"
| #define PACKAGE_TARNAME "coinutils"
| #define PACKAGE_VERSION "2.11.0"
| #define PACKAGE_STRING "CoinUtils 2.11.0"
| #define PACKAGE_BUGREPORT "http://projects.coin-or.org/CoinUtils"
| #define COINUTILS_VERSION "2.11.0"
| #define COINUTILS_VERSION_MAJOR 2
| #define COINUTILS_VERSION_MINOR 11
| #define COINUTILS_VERSION_RELEASE 0
| #define COIN_COINUTILS_VERBOSITY 0
| #define COIN_COINUTILS_CHECKLEVEL 0
| #ifdef __cplusplus
| extern "C" void std::exit (int) throw (); using std::exit;
| #endif
| #define PACKAGE "coinutils"
| #define VERSION "2.11.0"
| #define STDC_HEADERS 1
| #define HAVE_SYS_TYPES_H 1
| #define HAVE_SYS_STAT_H 1
| #define HAVE_STDLIB_H 1
| #define HAVE_STRING_H 1
| #define HAVE_MEMORY_H 1
| #define HAVE_STRINGS_H 1
| #define HAVE_INTTYPES_H 1
| #define HAVE_STDINT_H 1
| #define HAVE_UNISTD_H 1
| #define HAVE_DLFCN_H 1
| #define HAVE_CMATH 1
| #define HAVE_CFLOAT 1
| #define COIN_C_FINITE finite
| #define HAVE_CMATH 1
| #define HAVE_CFLOAT 1
| #define COIN_C_ISNAN std::isnan
| #define COINUTILS_MEMPOOL_MAXPOOLED -1
| #define HAVE_CINTTYPES 1
| #define HAVE_CSTDINT 1
| #define COIN_INT64_T int64_t
| #define COIN_UINT64_T int64_t
| #define COIN_INTPTR_T intptr_t
| #define COINUTILS_HAS_CSTDINT 1
| /* end confdefs.h.  */
| #include <stdio.h>
| #if HAVE_SYS_TYPES_H
| # include <sys/types.h>
| #endif
| #if HAVE_SYS_STAT_H
| # include <sys/stat.h>
| #endif
| #if STDC_HEADERS
| # include <stdlib.h>
| # include <stddef.h>
| #else
| # if HAVE_STDLIB_H
| #  include <stdlib.h>
| # endif
| #endif
| #if HAVE_STRING_H
| # if !STDC_HEADERS && HAVE_MEMORY_H
| #  include <memory.h>
| # endif
| # include <string.h>
| #endif
| #if HAVE_STRINGS_H
| # include <strings.h>
| #endif
| #if HAVE_INTTYPES_H
| # include <inttypes.h>
| #else
| # if HAVE_STDINT_H
| #  include <stdint.h>
| # endif
| #endif
| #if HAVE_UNISTD_H
| # include <unistd.h>
| #endif
| #include <windows.h>
configure:29216: result: no
configure:29220: checking windows.h presence
configure:29230: g++ -E  conftest.cc
conftest.cc:44:10: fatal error: windows.h: No such file or directory
   44 | #include <windows.h>
      |          ^~~~~~~~~~~
compilation terminated.
configure:29236: $? = 1
configure: failed program was:
| /* confdefs.h.  */
| 
| #define PACKAGE_NAME "CoinUtils"
| #define PACKAGE_TARNAME "coinutils"
| #define PACKAGE_VERSION "2.11.0"
| #define PACKAGE_STRING "CoinUtils 2.11.0"
| #define PACKAGE_BUGREPORT "http://projects.coin-or.org/CoinUtils"
| #define COINUTILS_VERSION "2.11.0"
| #define COINUTILS_VERSION_MAJOR 2
| #define COINUTILS_VERSION_MINOR 11
| #define COINUTILS_VERSION_RELEASE 0
| #define COIN_COINUTILS_VERBOSITY 0
| #define COIN_COINUTILS_CHECKLEVEL 0
| #ifdef __cplusplus
| extern "C" void std::exit (int) throw (); using std::exit;
| #endif
| #define PACKAGE "coinutils"
| #define VERSION "2.11.0"
| #define STDC_HEADERS 1
| #define HAVE_SYS_TYPES_H 1
| #define HAVE_SYS_STAT_H 1
| #define HAVE_STDLIB_H 1
| #define HAVE_STRING_H 1
| #define HAVE_MEMORY_H 1
| #define HAVE_STRINGS_H 1
| #define HAVE_INTTYPES_H 1
| #define HAVE_STDINT_H 1
| #define HAVE_UNISTD_H 1
| #define HAVE_DLFCN_H 1
| #define HAVE_CMATH 1
| #define HAVE_CFLOAT 1
| #define COIN_C_FINITE finite
| #define HAVE_CMATH 1
| #define HAVE_CFLOAT 1
| #define COIN_C_ISNAN std::isnan
| #define COINUTILS_MEMPOOL_MAXPOOLED -1
| #define HAVE_CINTTYPES 1
| #define HAVE_CSTDINT 1
| #define COIN_INT64_T int64_t
| #define COIN_UINT64_T int64_t
| #define COIN_INTPTR_T intptr_t
| #define COINUTILS_HAS_CSTDINT 1
| /* end confdefs.h.  */
| #include <windows.h>
configure:29256: result: no
configure:29291: checking for windows.h
configure:29298: result: no
configure:29329: checking endian.h usability
configure:29341: g++ -c -O3 -pipe -DNDEBUG -Wparentheses -Wreturn-type -Wcast-qual -Wall -Wpointer-arith -Wwrite-strings -Wconversion -Wno-unknown-pragmas -Wno-long-long   -DCOINUTILS_BUILD  conftest.cc >&5
conftest.cc:15:17: warning: 'void std::exit(int)' has not been declared within 'std'
   15 | extern "C" void std::exit (int) throw (); using std::exit;
      |                 ^~~
<built-in>: note: only here as a 'friend'
configure:29347: $? = 0
configure:29351: test -z 
			 || test ! -s conftest.err
configure:29354: $? = 0
configure:29357: test -s conftest.o
configure:29360: $? = 0
configure:29370: result: yes
configure:29374: checking endian.h presence
configure:29384: g++ -E  conftest.cc
configure:29390: $? = 0
configure:29410: result: yes
configure:29445: checking for endian.h
configure:29452: result: yes
configure:29539: checking for pkg-config
configure:29555: found /usr/bin/pkg-config
configure:29565: result: pkg-config
configure:29580: checking pkg-config is at least version 0.16.0
configure:29583: result: yes
configure:36242: checking for COIN-OR package Glpk
configure:36406: result: not given: No package 'coinglpk' found
configure:36752: checking for COIN-OR package Sample
configure:36883: result: yes: 1.2.11 
configure:37232: checking for COIN-OR package Netlib
configure:37381: result: not given: No package 'coindatanetlib' found
configure:38597: checking whether this is a VPATH configuration
configure:38604: result: no
configure:38624: configuring doxygen documentation options
configure:38631: checking for doxygen
configure:38658: result: no
configure:38667: checking for latex
configure:38683: found /usr/bin/latex
configure:38694: result: yes
configure:38722: checking for dot
configure:38738: found /usr/bin/dot
configure:38749: result: YES
configure:38861: checking which command should be used to link input files
configure:38869: result: ln -s
configure:39203: creating ./config.status

## ---------------------- ##
## Running config.status. ##
## ---------------------- ##

This file was extended by CoinUtils config.status 2.11.0, which was
generated by GNU Autoconf 2.59.  Invocation command line was

  CONFIG_FILES    = 
  CONFIG_HEADERS  = 
  CONFIG_LINKS    = 
  CONFIG_COMMANDS = 
  $ ./config.status 

on lubuvm

config.status:839: creating Makefile
config.status:839: creating src/Makefile
config.status:839: creating test/Makefile
config.status:839: creating coinutils.pc
config.status:839: creating coinutils-uninstalled.pc
config.status:839: creating doxydoc/doxygen.conf
config.status:936: creating src/config.h
config.status:936: creating src/config_coinutils.h
config.status:1284: executing depfiles commands
configure:40693: In case of trouble, first consult the troubleshooting page at https://projects.coin-or.org/BuildTools/wiki/user-troubleshooting
configure:40696: Configuration of CoinUtils successful

## ---------------- ##
## Cache variables. ##
## ---------------- ##

ac_cv_build=x86_64-unknown-linux-gnu
ac_cv_build_alias=x86_64-unknown-linux-gnu
ac_cv_c_compiler_gnu=yes
ac_cv_cxx_compiler_gnu=yes
ac_cv_env_ADD_CFLAGS_set=
ac_cv_env_ADD_CFLAGS_value=
ac_cv_env_ADD_CXXFLAGS_set=
ac_cv_env_ADD_CXXFLAGS_value=
ac_cv_env_ADD_FFLAGS_set=
ac_cv_env_ADD_FFLAGS_value=
ac_cv_env_CC_set=
ac_cv_env_CC_value=
ac_cv_env_CDEFS_set=
ac_cv_env_CDEFS_value=
ac_cv_env_CFLAGS_set=
ac_cv_env_CFLAGS_value=
ac_cv_env_CPPFLAGS_set=
ac_cv_env_CPPFLAGS_value=
ac_cv_env_CPP_set=
ac_cv_env_CPP_value=
ac_cv_env_CXXCPP_set=
ac_cv_env_CXXCPP_value=
ac_cv_env_CXXDEFS_set=
ac_cv_env_CXXDEFS_value=
ac_cv_env_CXXFLAGS_set=
ac_cv_env_CXXFLAGS_value=
ac_cv_env_CXX_set=
ac_cv_env_CXX_value=
ac_cv_env_DBG_CFLAGS_set=
ac_cv_env_DBG_CFLAGS_value=
ac_cv_env_DBG_CXXFLAGS_set=
ac_cv_env_DBG_CXXFLAGS_value=
ac_cv_env_DBG_FFLAGS_set=
ac_cv_env_DBG_FFLAGS_value=
ac_cv_env_F77_set=
ac_cv_env_F77_value=
ac_cv_env_FFLAGS_set=
ac_cv_env_FFLAGS_value=
ac_cv_env_LDFLAGS_set=
ac_cv_env_LDFLAGS_value=
ac_cv_env_MPICC_set=
ac_cv_env_MPICC_value=
ac_cv_env_MPICXX_set=
ac_cv_env_MPICXX_value=
ac_cv_env_MPIF77_set=
ac_cv_env_MPIF77_value=
ac_cv_env_OPT_CFLAGS_set=
ac_cv_env_OPT_CFLAGS_value=
ac_cv_env_OPT_CXXFLAGS_set=
ac_cv_env_OPT_CXXFLAGS_value=
ac_cv_env_OPT_FFLAGS_set=
ac_cv_env_OPT_FFLAGS_value=
ac_cv_env_PKG_CONFIG_set=
ac_cv_env_PKG_CONFIG_value=
ac_cv_env_build_alias_set=
ac_cv_env_build_alias_value=
ac_cv_env_host_alias_set=
ac_cv_env_host_alias_value=
ac_cv_env_target_alias_set=
ac_cv_env_target_alias_value=
ac_cv_exeext=
ac_cv_have_decl_finite=yes
ac_cv_have_decl_isfinite=no
ac_cv_have_decl_isnan=no
ac_cv_have_decl_std__isnan_42_42_=yes
ac_cv_header_cfloat=yes
ac_cv_header_cieeefp=no
ac_cv_header_cinttypes=yes
ac_cv_header_cmath=yes
ac_cv_header_cstdint=yes
ac_cv_header_endian_h=yes
ac_cv_header_ieeefp_h=no
ac_cv_header_windows_h=no
ac_cv_objext=o
ac_cv_path_install='/usr/bin/install -c'
ac_cv_prog_AWK=gawk
ac_cv_prog_ac_ct_CC=gcc
ac_cv_prog_ac_ct_CXX=g++
ac_cv_prog_ac_ct_PKG_CONFIG=pkg-config
ac_cv_prog_cc_g=yes
ac_cv_prog_cc_stdc=
ac_cv_prog_coin_doxy_usedot=YES
ac_cv_prog_coin_have_doxygen=no
ac_cv_prog_coin_have_latex=yes
ac_cv_prog_cxx_g=yes
ac_cv_prog_egrep='grep -E'
ac_cv_prog_have_svnversion=no
ac_cv_prog_make_make_set=yes
ac_cv_type_int64_t=yes
ac_cv_type_intptr_t=yes
am_cv_CC_dependencies_compiler_type=gcc3
am_cv_CXX_dependencies_compiler_type=gcc3

## ----------------- ##
## Output variables. ##
## ----------------- ##

ABSBUILDDIR='/home/adair/Documents/CAD/sscs-ose-code-a-chip.github.io/ISSCC25/submitted_notebooks/current_mirror_ota_optimization/ALIGN-public/_skbuild/linux-x86_64-3.10/cmake-build/_deps/symphony-src/CoinUtils'
ACLOCAL='${SHELL} /home/adair/Documents/CAD/sscs-ose-code-a-chip.github.io/ISSCC25/submitted_notebooks/current_mirror_ota_optimization/ALIGN-public/_skbuild/linux-x86_64-3.10/cmake-build/_deps/symphony-src/CoinUtils/missing --run aclocal-1.9'
ADD_CFLAGS=''
ADD_CXXFLAGS=''
ADD_FFLAGS=''
ALWAYS_FALSE_FALSE=''
ALWAYS_FALSE_TRUE='#'
AMDEPBACKSLASH='\'
AMDEP_FALSE='#'
AMDEP_TRUE=''
AMTAR='${SHELL} /home/adair/Documents/CAD/sscs-ose-code-a-chip.github.io/ISSCC25/submitted_notebooks/current_mirror_ota_optimization/ALIGN-public/_skbuild/linux-x86_64-3.10/cmake-build/_deps/symphony-src/CoinUtils/missing --run tar'
AR='ar'
AUTOCONF='${SHELL} /home/adair/Documents/CAD/sscs-ose-code-a-chip.github.io/ISSCC25/submitted_notebooks/current_mirror_ota_optimization/ALIGN-public/_skbuild/linux-x86_64-3.10/cmake-build/_deps/symphony-src/CoinUtils/missing --run autoconf'
AUTOHEADER='${SHELL} /home/adair/Documents/CAD/sscs-ose-code-a-chip.github.io/ISSCC25/submitted_notebooks/current_mirror_ota_optimization/ALIGN-public/_skbuild/linux-x86_64-3.10/cmake-build/_deps/symphony-src/CoinUtils/missing --run autoheader'
AUTOMAKE='${SHELL} /home/adair/Documents/CAD/sscs-ose-code-a-chip.github.io/ISSCC25/submitted_notebooks/current_mirror_ota_optimization/ALIGN-public/_skbuild/linux-x86_64-3.10/cmake-build/_deps/symphony-src/CoinUtils/missing --run automake-1.9'
AUX_DIR=''
AWK='gawk'
BLAS_CFLAGS=''
BLAS_CFLAGS_INSTALLED=''
BLAS_DATA=''
BLAS_DATA_INSTALLED=''
BLAS_DEPENDENCIES=''
BLAS_LIBS=''
BLAS_LIBS_INSTALLED=''
BUILDTOOLSDIR=''
CC='gcc'
CCDEPMODE='depmode=gcc3'
CDEFS=''
CFLAGS='-O3 -pipe -DNDEBUG -Wimplicit -Wparentheses -Wsequence-point -Wreturn-type -Wcast-qual -Wall -Wno-unknown-pragmas -Wno-long-long   -DCOINUTILS_BUILD'
COINUTILSLIB_CFLAGS=''
COINUTILSLIB_CFLAGS_INSTALLED=''
COINUTILSLIB_DEPENDENCIES=''
COINUTILSLIB_LIBS='-lm '
COINUTILSLIB_LIBS_INSTALLED='-lm '
COINUTILSLIB_PCLIBS='-lm '
COINUTILSLIB_PCREQUIRES=''
COINUTILS_SVN_REV=''
COIN_CC_IS_CL_FALSE=''
COIN_CC_IS_CL_TRUE='#'
COIN_CXX_IS_CL_FALSE=''
COIN_CXX_IS_CL_TRUE='#'
COIN_HAS_BLAS_FALSE=''
COIN_HAS_BLAS_TRUE='#'
COIN_HAS_DOXYGEN_FALSE=''
COIN_HAS_DOXYGEN_TRUE='#'
COIN_HAS_GLPK_FALSE=''
COIN_HAS_GLPK_TRUE='#'
COIN_HAS_LAPACK_FALSE=''
COIN_HAS_LAPACK_TRUE='#'
COIN_HAS_LATEX_FALSE='#'
COIN_HAS_LATEX_TRUE=''
COIN_HAS_NETLIB_FALSE=''
COIN_HAS_NETLIB_TRUE='#'
COIN_HAS_PKGCONFIG_FALSE='#'
COIN_HAS_PKGCONFIG_TRUE=''
COIN_HAS_SAMPLE_FALSE='#'
COIN_HAS_SAMPLE_TRUE=''
COIN_HAS_ZLIB_FALSE=''
COIN_HAS_ZLIB_TRUE='#'
COIN_PKG_CONFIG_PATH='/home/adair/Documents/CAD/sscs-ose-code-a-chip.github.io/ISSCC25/submitted_notebooks/current_mirror_ota_optimization/ALIGN-public/_skbuild/linux-x86_64-3.10/cmake-build/_deps/symphony-build/lib64/pkgconfig:/home/adair/Documents/CAD/sscs-ose-code-a-chip.github.io/ISSCC25/submitted_notebooks/current_mirror_ota_optimization/ALIGN-public/_skbuild/linux-x86_64-3.10/cmake-build/_deps/symphony-build/lib/pkgconfig:/home/adair/Documents/CAD/sscs-ose-code-a-chip.github.io/ISSCC25/submitted_notebooks/current_mirror_ota_optimization/ALIGN-public/_skbuild/linux-x86_64-3.10/cmake-build/_deps/symphony-build/share/pkgconfig:'
COIN_PKG_CONFIG_PATH_UNINSTALLED='/home/adair/Documents/CAD/sscs-ose-code-a-chip.github.io/ISSCC25/submitted_notebooks/current_mirror_ota_optimization/ALIGN-public/_skbuild/linux-x86_64-3.10/cmake-build/_deps/symphony-src/SYMPHONY:/home/adair/Documents/CAD/sscs-ose-code-a-chip.github.io/ISSCC25/submitted_notebooks/current_mirror_ota_optimization/ALIGN-public/_skbuild/linux-x86_64-3.10/cmake-build/_deps/symphony-src/Cgl:/home/adair/Documents/CAD/sscs-ose-code-a-chip.github.io/ISSCC25/submitted_notebooks/current_mirror_ota_optimization/ALIGN-public/_skbuild/linux-x86_64-3.10/cmake-build/_deps/symphony-src/Clp:/home/adair/Documents/CAD/sscs-ose-code-a-chip.github.io/ISSCC25/submitted_notebooks/current_mirror_ota_optimization/ALIGN-public/_skbuild/linux-x86_64-3.10/cmake-build/_deps/symphony-src/Osi:/home/adair/Documents/CAD/sscs-ose-code-a-chip.github.io/ISSCC25/submitted_notebooks/current_mirror_ota_optimization/ALIGN-public/_skbuild/linux-x86_64-3.10/cmake-build/_deps/symphony-src/CoinUtils:/home/adair/Documents/CAD/sscs-ose-code-a-chip.github.io/ISSCC25/submitted_notebooks/current_mirror_ota_optimization/ALIGN-public/_skbuild/linux-x86_64-3.10/cmake-build/_deps/symphony-src/Data/Sample:'
CPP='gcc -E'
CPPFLAGS=''
CXX='g++'
CXXCPP='g++ -E'
CXXDEFS=''
CXXDEPMODE='depmode=gcc3'
CXXFLAGS='-O3 -pipe -DNDEBUG -Wparentheses -Wreturn-type -Wcast-qual -Wall -Wpointer-arith -Wwrite-strings -Wconversion -Wno-unknown-pragmas -Wno-long-long   -DCOINUTILS_BUILD'
CYGPATH_W='echo'
DBG_CFLAGS='-g -O0 -pipe -Wimplicit -Wparentheses -Wsequence-point -Wreturn-type -Wcast-qual -Wall -Wno-unknown-pragmas -Wno-long-long  '
DBG_CXXFLAGS='-g -O0 -pipe -Wparentheses -Wreturn-type -Wcast-qual -Wall -Wpointer-arith -Wwrite-strings -Wconversion -Wno-unknown-pragmas -Wno-long-long  '
DBG_FFLAGS=' '
DEFS='-DHAVE_CONFIG_H'
DEPDIR='.deps'
DEPENDENCY_LINKING_FALSE='#'
DEPENDENCY_LINKING_TRUE=''
ECHO='echo'
ECHO_C=''
ECHO_N='-n'
ECHO_T=''
EGREP='grep -E'
EXEEXT=''
F77='unavailable'
FFLAGS=' '
FLIBS=''
GLPK_CFLAGS=''
GLPK_CFLAGS_INSTALLED=''
GLPK_DATA=''
GLPK_DATA_INSTALLED=''
GLPK_DEPENDENCIES=''
GLPK_LIBS=''
GLPK_LIBS_INSTALLED=''
HAVE_EXTERNALS_FALSE=''
HAVE_EXTERNALS_TRUE='#'
INSTALL_DATA='${INSTALL} -m 644'
INSTALL_PROGRAM='${INSTALL}'
INSTALL_SCRIPT='${INSTALL}'
INSTALL_STRIP_PROGRAM='${SHELL} $(install_sh) -c -s'
LAPACK_CFLAGS=''
LAPACK_CFLAGS_INSTALLED=''
LAPACK_DATA=''
LAPACK_DATA_INSTALLED=''
LAPACK_DEPENDENCIES=''
LAPACK_LIBS=''
LAPACK_LIBS_INSTALLED=''
LDFLAGS=''
LIBEXT='a'
LIBOBJS=''
LIBS=''
LIBTOOL='$(SHELL) $(top_builddir)/../libtool'
LIBTOOLM4=''
LN_S='ln -s'
LTLIBOBJS=''
LT_LDFLAGS='-no-undefined -version-info 14:0:11'
MAINT='#'
MAINTAINER_MODE_FALSE=''
MAINTAINER_MODE_TRUE='#'
MAKEINFO='${SHELL} /home/adair/Documents/CAD/sscs-ose-code-a-chip.github.io/ISSCC25/submitted_notebooks/current_mirror_ota_optimization/ALIGN-public/_skbuild/linux-x86_64-3.10/cmake-build/_deps/symphony-src/CoinUtils/missing --run makeinfo'
MPICC=''
MPICXX=''
MPIF77=''
NETLIB_CFLAGS=''
NETLIB_CFLAGS_INSTALLED=''
NETLIB_DATA=''
NETLIB_DATA_INSTALLED=''
NETLIB_DEPENDENCIES=''
NETLIB_LIBS=''
NETLIB_LIBS_INSTALLED=''
OBJEXT='o'
OPT_CFLAGS='-O3 -pipe -DNDEBUG -Wimplicit -Wparentheses -Wsequence-point -Wreturn-type -Wcast-qual -Wall -Wno-unknown-pragmas -Wno-long-long  '
OPT_CXXFLAGS='-O3 -pipe -DNDEBUG -Wparentheses -Wreturn-type -Wcast-qual -Wall -Wpointer-arith -Wwrite-strings -Wconversion -Wno-unknown-pragmas -Wno-long-long  '
OPT_FFLAGS=' '
PACKAGE='coinutils'
PACKAGE_BUGREPORT='http://projects.coin-or.org/CoinUtils'
PACKAGE_NAME='CoinUtils'
PACKAGE_STRING='CoinUtils 2.11.0'
PACKAGE_TARNAME='coinutils'
PACKAGE_VERSION='2.11.0'
PATH_SEPARATOR=':'
PKG_CONFIG='pkg-config'
RANLIB='ranlib'
RPATH_FLAGS=''
SAMPLE_CFLAGS=''
SAMPLE_CFLAGS_INSTALLED=''
SAMPLE_DATA='/home/adair/Documents/CAD/sscs-ose-code-a-chip.github.io/ISSCC25/submitted_notebooks/current_mirror_ota_optimization/ALIGN-public/_skbuild/linux-x86_64-3.10/cmake-build/_deps/symphony-src/Data/Sample'
SAMPLE_DATA_INSTALLED=''
SAMPLE_DEPENDENCIES=' '
SAMPLE_LIBS=''
SAMPLE_LIBS_INSTALLED=''
SET_MAKE=''
SHELL='/bin/bash'
STRIP='strip'
VERSION='2.11.0'
VPATH_DISTCLEANFILES=''
abs_bin_dir='/home/adair/Documents/CAD/sscs-ose-code-a-chip.github.io/ISSCC25/submitted_notebooks/current_mirror_ota_optimization/ALIGN-public/_skbuild/linux-x86_64-3.10/cmake-build/_deps/symphony-build/bin'
abs_include_dir='/home/adair/Documents/CAD/sscs-ose-code-a-chip.github.io/ISSCC25/submitted_notebooks/current_mirror_ota_optimization/ALIGN-public/_skbuild/linux-x86_64-3.10/cmake-build/_deps/symphony-build/include'
abs_lib_dir='/home/adair/Documents/CAD/sscs-ose-code-a-chip.github.io/ISSCC25/submitted_notebooks/current_mirror_ota_optimization/ALIGN-public/_skbuild/linux-x86_64-3.10/cmake-build/_deps/symphony-build/lib'
abs_source_dir='/home/adair/Documents/CAD/sscs-ose-code-a-chip.github.io/ISSCC25/submitted_notebooks/current_mirror_ota_optimization/ALIGN-public/_skbuild/linux-x86_64-3.10/cmake-build/_deps/symphony-src/CoinUtils'
ac_c_preproc_warn_flag=''
ac_ct_AR='ar'
ac_ct_CC='gcc'
ac_ct_CXX='g++'
ac_ct_F77='unavailable'
ac_ct_PKG_CONFIG='pkg-config'
ac_ct_RANLIB='ranlib'
ac_ct_STRIP='strip'
ac_cxx_preproc_warn_flag=''
am__fastdepCC_FALSE='#'
am__fastdepCC_TRUE=''
am__fastdepCXX_FALSE='#'
am__fastdepCXX_TRUE=''
am__include='include'
am__leading_dot='.'
am__quote=''
am__tar='${AMTAR} chof - "$$tardir"'
am__untar='${AMTAR} xf -'
bindir='${exec_prefix}/bin'
build='x86_64-unknown-linux-gnu'
build_alias=''
build_cpu='x86_64'
build_os='linux-gnu'
build_vendor='unknown'
coin_doxy_excludes=''
coin_doxy_logname='doxydoc/coinutils_doxy.log'
coin_doxy_tagfiles=''
coin_doxy_tagname='doxydoc/coinutils_doxy.tag'
coin_doxy_usedot='YES'
coin_have_doxygen='no'
coin_have_latex='yes'
datadir='${prefix}/share'
exec_prefix='${prefix}'
have_autoconf=''
have_automake=''
have_svn=''
have_svnversion='no'
host='x86_64-unknown-linux-gnu'
host_alias=''
host_cpu='x86_64'
host_os='linux-gnu'
host_vendor='unknown'
includedir='${prefix}/include'
infodir='${prefix}/info'
install_sh='/home/adair/Documents/CAD/sscs-ose-code-a-chip.github.io/ISSCC25/submitted_notebooks/current_mirror_ota_optimization/ALIGN-public/_skbuild/linux-x86_64-3.10/cmake-build/_deps/symphony-src/CoinUtils/install-sh'
libdir='${exec_prefix}/lib'
libexecdir='${exec_prefix}/libexec'
localstatedir='${prefix}/var'
mandir='${prefix}/man'
mkdir_p='mkdir -p --'
oldincludedir='/usr/include'
prefix='/home/adair/Documents/CAD/sscs-ose-code-a-chip.github.io/ISSCC25/submitted_notebooks/current_mirror_ota_optimization/ALIGN-public/_skbuild/linux-x86_64-3.10/cmake-build/_deps/symphony-build'
program_transform_name='s,x,x,'
sbindir='${exec_prefix}/sbin'
sharedstatedir='${prefix}/com'
sol_cc_compiler=''
sysconfdir='${prefix}/etc'
target_alias=''

## ----------- ##
## confdefs.h. ##
## ----------- ##

#define COINUTILS_HAS_CSTDINT 1
#define COINUTILS_MEMPOOL_MAXPOOLED -1
#define COINUTILS_VERSION "2.11.0"
#define COINUTILS_VERSION_MAJOR 2
#define COINUTILS_VERSION_MINOR 11
#define COINUTILS_VERSION_RELEASE 0
#define COIN_COINUTILS_CHECKLEVEL 0
#define COIN_COINUTILS_VERBOSITY 0
#define COIN_C_FINITE finite
#define COIN_C_ISNAN std::isnan
#define COIN_HAS_SAMPLE 1
#define COIN_INT64_T int64_t
#define COIN_INTPTR_T intptr_t
#define COIN_UINT64_T int64_t
#define HAVE_CFLOAT 1
#define HAVE_CFLOAT 1
#define HAVE_CINTTYPES 1
#define HAVE_CMATH 1
#define HAVE_CMATH 1
#define HAVE_CSTDINT 1
#define HAVE_DLFCN_H 1
#define HAVE_ENDIAN_H 1
#define HAVE_INTTYPES_H 1
#define HAVE_MEMORY_H 1
#define HAVE_STDINT_H 1
#define HAVE_STDLIB_H 1
#define HAVE_STRINGS_H 1
#define HAVE_STRING_H 1
#define HAVE_SYS_STAT_H 1
#define HAVE_SYS_TYPES_H 1
#define HAVE_UNISTD_H 1
#define PACKAGE "coinutils"
#define PACKAGE_BUGREPORT "http://projects.coin-or.org/CoinUtils"
#define PACKAGE_NAME "CoinUtils"
#define PACKAGE_STRING "CoinUtils 2.11.0"
#define PACKAGE_TARNAME "coinutils"
#define PACKAGE_VERSION "2.11.0"
#define STDC_HEADERS 1
#define VERSION "2.11.0"
#endif
#ifdef __cplusplus
extern "C" void std::exit (int) throw (); using std::exit;

configure: exit 0
